updateMarriageXml.php?treename=&IDIRHusb=117083&HusbGivenName=John&HusbSurname=Lewis&HusbBirthSD=18300615&HusbOrder=0&HusbMarrSurname=Lewis&IDIRWife=117084&WifeGivenName=Mary&WifeSurname=Wifeofjohnlewis&WifeBirthSD=18300615&WifeOrder=0&WifeMarrSurname=Lewis&MarD=&MarLoc=&idmr=32744&IDMS=1&MarriedNameRule=1&Notes=&CGiven0=Kate Brough&CIdir0=117082&CIdcr0=86525&CGender0=1&CSurname0=Lewis&Cbirth0=about 1860&Cbirthsd0=18600615&Cdeath0=&CGiven1=Sarah Jane&CIdir1=0&CIdcr1=&CGender1=1&CSurname1=Lewis&Cbirth1=Abt 1858&Cbirthsd1=18580615&Cdeath1=&CGiven2=Charles Benjamin&CIdir2=0&CIdcr2=&CGender2=0&CSurname2=Lewis&Cbirth2=Abt 1864&Cbirthsd2=18640615&Cdeath2=&CGiven3=Williamena&CIdir3=0&CIdcr3=&CGender3=1&CSurname3=Lewis&Cbirth3=Abt 1866&Cbirthsd3=18660615&Cdeath3=&CGiven4=Mary A.&CIdir4=0&CIdcr4=&CGender4=1&CSurname4=Lewis&Cbirth4=Abt 1868&Cbirthsd4=18680615&Cdeath4=
530 id=0 maxChildOrder=0 cidcr=86525
530 id=1 maxChildOrder=0 cidcr=
530 id=2 maxChildOrder=0 cidcr=
530 id=3 maxChildOrder=0 cidcr=
530 id=4 maxChildOrder=0 cidcr=
658 idir=119985
740 idcr=86526
updateMarriageXml.php?treename=&IDIRHusb=117083&HusbGivenName=John&HusbSurname=Lewis&HusbBirthSD=18300615&HusbOrder=0&HusbMarrSurname=Lewis&IDIRWife=117084&WifeGivenName=Mary&WifeSurname=Wifeofjohnlewis&WifeBirthSD=18300615&WifeOrder=0&WifeMarrSurname=Lewis&MarD=&MarLoc=&idmr=32744&IDMS=1&MarriedNameRule=1&Notes=&CGiven1=Sarah Jane&CIdir1=119982&CIdcr1=88745&CGender1=1&CSurname1=Lewis&Cbirth1=about 1858&Cbirthsd1=18580000&Cdeath1=&CGiven0=Kate Brough&CIdir0=117082&CIdcr0=86525&CGender0=1&CSurname0=Lewis&Cbirth0=about 1860&Cbirthsd0=18600615&Cdeath0=&CGiven2=Charles Benjamin&CIdir2=119983&CIdcr2=88746&CGender2=0&CSurname2=Lewis&Cbirth2=about 1864&Cbirthsd2=18640000&Cdeath2=&CGiven3=Williamena&CIdir3=119984&CIdcr3=88747&CGender3=1&CSurname3=Lewis&Cbirth3=about 1866&Cbirthsd3=18660000&Cdeath3=&CGiven4=Mary A.&CIdir4=119985&CIdcr4=88748&CGender4=1&CSurname4=Lewis&Cbirth4=about 1868&Cbirthsd4=18680000&Cdeath4=
530 id=1 maxChildOrder=4 cidcr=88745
530 id=0 maxChildOrder=4 cidcr=86525
530 id=2 maxChildOrder=4 cidcr=88746
530 id=3 maxChildOrder=4 cidcr=88747
530 id=4 maxChildOrder=4 cidcr=88748
658 idir=119985
updateMarriageXml.php?treename=&IDIRHusb=73951&HusbGivenName=Arnold&HusbSurname=Temple&HusbBirthSD=18970802&HusbOrder=0&HusbMarrSurname=Temple&IDIRWife=12710&WifeGivenName=Mary&WifeSurname=Smith&WifeBirthSD=-99999999&WifeOrder=0&WifeMarrSurname=Temple&MarD=&MarLoc=&idmr=0&IDMS=1&MarriedNameRule=1&Notes=
updateMarriageXml.php?treename=&IDIRHusb=73951&HusbGivenName=Arnold&HusbSurname=Temple&HusbBirthSD=18970802&HusbOrder=0&HusbMarrSurname=Temple&IDIRWife=93983&WifeGivenName=Mary&WifeSurname=Smith&WifeBirthSD=-99999999&WifeOrder=0&WifeMarrSurname=Temple&MarD=&MarLoc=&idmr=0&IDMS=1&MarriedNameRule=1&Notes=
updateMarriageXml.php?treename=&IDIRHusb=73951&HusbGivenName=Arnold&HusbSurname=Temple&HusbBirthSD=18970802&HusbOrder=0&HusbMarrSurname=Temple&IDIRWife=93983&WifeGivenName=Mary&WifeSurname=Smith&WifeBirthSD=-99999999&WifeOrder=0&WifeMarrSurname=Temple&MarD=&MarLoc=&idmr=0&IDMS=1&MarriedNameRule=1&Notes=
updateMarriageXml.php?treename=&IDIRHusb=73951&HusbGivenName=Arnold&HusbSurname=Temple&HusbBirthSD=18970802&HusbOrder=0&HusbMarrSurname=Temple&IDIRWife=93983&WifeGivenName=Mary&WifeSurname=Smith&WifeBirthSD=-99999999&WifeOrder=0&WifeMarrSurname=Temple&MarD=&MarLoc=&idmr=0&IDMS=1&MarriedNameRule=1&Notes=
updateMarriageXml.php?treename=&IDIRHusb=73951&HusbGivenName=Arnold&HusbSurname=Temple&HusbBirthSD=18970802&HusbOrder=0&HusbMarrSurname=Temple&IDIRWife=93983&WifeGivenName=Mary&WifeSurname=Smith&WifeBirthSD=-99999999&WifeOrder=0&WifeMarrSurname=Temple&MarD=&MarLoc=&idmr=0&IDMS=1&MarriedNameRule=1&Notes=
updateMarriageXml.php?treename=&IDIRHusb=73951&HusbGivenName=Arnold&HusbSurname=Temple&HusbBirthSD=18970802&HusbOrder=0&HusbMarrSurname=Temple&IDIRWife=93983&WifeGivenName=Mary&WifeSurname=Smith&WifeBirthSD=-99999999&WifeOrder=0&WifeMarrSurname=Temple&MarD=&MarLoc=&idmr=0&IDMS=1&MarriedNameRule=1&Notes=
updateMarriageXml.php?treename=&IDIRHusb=73951&HusbGivenName=Arnold&HusbSurname=Temple&HusbBirthSD=18970802&HusbOrder=0&HusbMarrSurname=Temple&IDIRWife=93983&WifeGivenName=Mary&WifeSurname=Smith&WifeBirthSD=-99999999&WifeOrder=0&WifeMarrSurname=Temple&MarD=&MarLoc=&idmr=0&IDMS=1&MarriedNameRule=1&Notes=
updateMarriageXml.php?treename=&IDIRHusb=73951&HusbGivenName=Arnold&HusbSurname=Temple&HusbBirthSD=18970802&HusbOrder=0&HusbMarrSurname=Temple&IDIRWife=93983&WifeGivenName=Mary&WifeSurname=Smith&WifeBirthSD=-99999999&WifeOrder=0&WifeMarrSurname=Temple&MarD=&MarLoc=&idmr=0&IDMS=1&MarriedNameRule=1&Notes=
updateMarriageXml.php?treename=&IDIRHusb=73951&HusbGivenName=Arnold&HusbSurname=Temple&HusbBirthSD=18970802&HusbOrder=0&HusbMarrSurname=Temple&IDIRWife=93983&WifeGivenName=Mary&WifeSurname=Smith&WifeBirthSD=-99999999&WifeOrder=0&WifeMarrSurname=Temple&MarD=&MarLoc=&idmr=0&IDMS=1&MarriedNameRule=1&Notes=
updateMarriageXml.php?treename=&IDIRHusb=73951&HusbGivenName=Arnold&HusbSurname=Temple&HusbBirthSD=18970802&HusbOrder=0&HusbMarrSurname=Temple&IDIRWife=93983&WifeGivenName=Mary&WifeSurname=Smith&WifeBirthSD=-99999999&WifeOrder=0&WifeMarrSurname=Temple&MarD=&MarLoc=&idmr=0&IDMS=1&MarriedNameRule=1&Notes=
updateMarriageXml.php?treename=&IDIRHusb=73951&HusbGivenName=Arnold&HusbSurname=Temple&HusbBirthSD=18970802&HusbOrder=0&HusbMarrSurname=Temple&IDIRWife=93983&WifeGivenName=Mary&WifeSurname=Smith&WifeBirthSD=-99999999&WifeOrder=0&WifeMarrSurname=Temple&MarD=&MarLoc=&idmr=0&IDMS=1&MarriedNameRule=1&Notes=
updateMarriageXml.php?treename=&IDIRHusb=73951&HusbGivenName=Arnold&HusbSurname=Temple&HusbBirthSD=18970802&HusbOrder=0&HusbMarrSurname=Temple&IDIRWife=93983&WifeGivenName=Mary&WifeSurname=Smith&WifeBirthSD=-99999999&WifeOrder=0&WifeMarrSurname=Temple&MarD=&MarLoc=&idmr=0&IDMS=1&MarriedNameRule=1&Notes=
updateMarriageXml.php?treename=&IDIRHusb=73951&HusbGivenName=Arnold&HusbSurname=Temple&HusbBirthSD=18970802&HusbOrder=0&HusbMarrSurname=Temple&IDIRWife=93983&WifeGivenName=Mary&WifeSurname=Smith&WifeBirthSD=-99999999&WifeOrder=0&WifeMarrSurname=Temple&MarD=&MarLoc=&idmr=0&IDMS=1&MarriedNameRule=1&Notes=
